"D:/GitHub/SacrificeGame/SacrificeRoguelike/Content/UI/DebuffCards/statTypeEnum.uasset" 0
"D:/GitHub/SacrificeGame/SacrificeRoguelike/Content/UI/DebuffCards/SimpleCardInfo.uasset" 1
"D:/GitHub/SacrificeGame/SacrificeRoguelike/Content/UI/MASTOD__.uasset" 2
"D:/GitHub/SacrificeGame/SacrificeRoguelike/Content/UI/MASTOD___Font.uasset" 3
"D:/GitHub/SacrificeGame/SacrificeRoguelike/Content/UI/PauseUI.uasset" 4
"D:/GitHub/SacrificeGame/SacrificeRoguelike/Content/UI/InteractUI.uasset" 5
"../../../Engine/Content/EditorBlueprintResources/StandardMacros.uasset" 6
"D:/GitHub/SacrificeGame/SacrificeRoguelike/Content/Gameplay/SacrificeGameMode.uasset" 7
"D:/GitHub/SacrificeGame/SacrificeRoguelike/Content/UI/GameplayUI.uasset" 8
"D:/GitHub/SacrificeGame/SacrificeRoguelike/Content/Gameplay/SacrificeGameInstance.uasset" 9
"D:/GitHub/SacrificeGame/SacrificeRoguelike/Content/UI/DebuffCards/DebuffCardSelection.uasset" 10
"../../../Engine/Content/Functions/Engine_MaterialFunctions02/Utility/VectorLength.uasset" 11
"../../../Engine/Content/Functions/Engine_MaterialFunctions02/WorldPositionOffset/ObjectScale.uasset" 12
"../../../Engine/Content/Functions/Engine_MaterialFunctions02/WorldPositionOffset/ComponentPivotLocation.uasset" 13
"../../../Engine/Content/Functions/Engine_MaterialFunctions02/Utility/CameraVectorWithWPOOptions.uasset" 14
"../../../Engine/Content/Functions/Engine_MaterialFunctions02/Utility/BreakOutFloat3Components.uasset" 15
"../../../Engine/Content/Functions/Engine_MaterialFunctions02/Math/Transform3x3Matrix.uasset" 16
"../../../Engine/Content/Functions/Engine_MaterialFunctions02/Math/MakeVectorsOrthogonal.uasset" 17
"../../../Engine/Content/Functions/Engine_MaterialFunctions02/Math/InverseTransformMatrix.uasset" 18
"../../../Engine/Content/Functions/Engine_MaterialFunctions02/WorldPositionOffset/AlignMeshToTheCamera.uasset" 19
"../../../Engine/Content/EngineFonts/RobotoDistanceField.uasset" 20
"D:/GitHub/SacrificeGame/SacrificeRoguelike/Content/UI/CameraAlignedUnlitText.uasset" 21
"D:/GitHub/SacrificeGame/SacrificeRoguelike/Content/Geometry/Meshes/CubeMaterial.uasset" 22
"D:/GitHub/SacrificeGame/SacrificeRoguelike/Content/Geometry/Meshes/1M_Cube.uasset" 23
"D:/GitHub/SacrificeGame/SacrificeRoguelike/Content/Gameplay/BP_Cluster.uasset" 24
"D:/GitHub/SacrificeGame/SacrificeRoguelike/Content/FirstPersonBP/Components/ParkourComponent.uasset" 25
"D:/GitHub/SacrificeGame/SacrificeRoguelike/Content/FirstPerson/FPWeapon/Mesh/SK_FPGun_Skeleton.uasset" 26
"../../../Engine/Content/Functions/Engine_MaterialFunctions02/Utility/BlendAngleCorrectedNormals.uasset" 27
"../../../Engine/Content/Functions/MaterialLayerFunctions/MatLayerBlend_NormalBlend.uasset" 28
"../../../Engine/Content/Functions/MaterialLayerFunctions/MatLayerBlend_Simple.uasset" 29
"D:/GitHub/SacrificeGame/SacrificeRoguelike/Content/FirstPerson/FPWeapon/Materials/MaterialLayers/T_ML_Rubber_Blue_01_N.uasset" 30
"D:/GitHub/SacrificeGame/SacrificeRoguelike/Content/FirstPerson/FPWeapon/Materials/MaterialLayers/T_ML_Rubber_Blue_01_D.uasset" 31
"D:/GitHub/SacrificeGame/SacrificeRoguelike/Content/FirstPerson/FPWeapon/Materials/MaterialLayers/ML_GlossyBlack_Latex_UE4.uasset" 32
"D:/GitHub/SacrificeGame/SacrificeRoguelike/Content/FirstPerson/FPWeapon/Materials/MaterialLayers/ML_Plastic_Shiny_Beige.uasset" 33
"D:/GitHub/SacrificeGame/SacrificeRoguelike/Content/FirstPerson/FPWeapon/Materials/MaterialLayers/ML_Screen.uasset" 34
"D:/GitHub/SacrificeGame/SacrificeRoguelike/Content/FirstPerson/FPWeapon/Materials/MaterialLayers/T_ML_Aluminum01_N.uasset" 35
"D:/GitHub/SacrificeGame/SacrificeRoguelike/Content/FirstPerson/FPWeapon/Materials/MaterialLayers/T_ML_Aluminum01.uasset" 36
"D:/GitHub/SacrificeGame/SacrificeRoguelike/Content/FirstPerson/FPWeapon/Materials/MaterialLayers/ML_SoftMetal_UE4.uasset" 37
"D:/GitHub/SacrificeGame/SacrificeRoguelike/Content/FirstPerson/FPWeapon/Textures/T_FPGun_N.uasset" 38
"D:/GitHub/SacrificeGame/SacrificeRoguelike/Content/FirstPerson/FPWeapon/Textures/T_FPGun_M.uasset" 39
"D:/GitHub/SacrificeGame/SacrificeRoguelike/Content/FirstPerson/FPWeapon/Materials/M_FPGun.uasset" 40
"D:/GitHub/SacrificeGame/SacrificeRoguelike/Content/FirstPerson/FPWeapon/Mesh/SK_FPGun.uasset" 41
"D:/GitHub/SacrificeGame/SacrificeRoguelike/Content/Materials/M_White.uasset" 42
"D:/GitHub/SacrificeGame/SacrificeRoguelike/Content/Materials/MI_Red.uasset" 43
"D:/GitHub/SacrificeGame/SacrificeRoguelike/Content/FirstPerson/Meshes/BaseMaterial.uasset" 44
"D:/GitHub/SacrificeGame/SacrificeRoguelike/Content/FirstPerson/Meshes/FirstPersonProjectileMaterial.uasset" 45
"D:/GitHub/SacrificeGame/SacrificeRoguelike/Content/FirstPerson/Meshes/FirstPersonProjectileMesh.uasset" 46
"D:/GitHub/SacrificeGame/SacrificeRoguelike/Content/FirstPersonBP/Blueprints/EnemyProjectile.uasset" 47
"D:/GitHub/SacrificeGame/SacrificeRoguelike/Content/FirstPersonBP/Blueprints/FirstPersonProjectile.uasset" 48
"D:/GitHub/SacrificeGame/SacrificeRoguelike/Content/FirstPerson/Character/Mesh/SK_Mannequin_Arms_Skeleton.uasset" 49
"D:/GitHub/SacrificeGame/SacrificeRoguelike/Content/FirstPerson/Animations/FirstPerson_Fire.uasset" 50
"D:/GitHub/SacrificeGame/SacrificeRoguelike/Content/FirstPerson/Animations/FirstPersonFire_Montage.uasset" 51
"D:/GitHub/SacrificeGame/SacrificeRoguelike/Content/FirstPerson/Animations/FirstPerson_Idle.uasset" 52
"D:/GitHub/SacrificeGame/SacrificeRoguelike/Content/FirstPerson/Animations/FirstPerson_JumpEnd.uasset" 53
"D:/GitHub/SacrificeGame/SacrificeRoguelike/Content/FirstPerson/Animations/FirstPerson_JumpLoop.uasset" 54
"D:/GitHub/SacrificeGame/SacrificeRoguelike/Content/FirstPerson/Animations/FirstPerson_JumpStart.uasset" 55
"D:/GitHub/SacrificeGame/SacrificeRoguelike/Content/FirstPerson/Animations/FirstPerson_Run.uasset" 56
"D:/GitHub/SacrificeGame/SacrificeRoguelike/Content/FirstPerson/Animations/FirstPerson_AnimBP.uasset" 57
"D:/GitHub/SacrificeGame/SacrificeRoguelike/Content/FirstPerson/Character/Materials/MaterialLayers/T_ML_Rubber_Blue_01_D.uasset" 58
"D:/GitHub/SacrificeGame/SacrificeRoguelike/Content/FirstPerson/Character/Materials/MaterialLayers/T_ML_Rubber_Blue_01_N.uasset" 59
"D:/GitHub/SacrificeGame/SacrificeRoguelike/Content/FirstPerson/Character/Materials/MaterialLayers/ML_GlossyBlack_Latex_UE4.uasset" 60
"D:/GitHub/SacrificeGame/SacrificeRoguelike/Content/FirstPerson/Character/Materials/MaterialLayers/ML_Plastic_Shiny_Beige.uasset" 61
"D:/GitHub/SacrificeGame/SacrificeRoguelike/Content/FirstPerson/Character/Textures/UE4_LOGO_CARD.uasset" 62
"D:/GitHub/SacrificeGame/SacrificeRoguelike/Content/FirstPerson/Character/Materials/MaterialLayers/ML_Plastic_Shiny_Beige_LOGO.uasset" 63
"D:/GitHub/SacrificeGame/SacrificeRoguelike/Content/FirstPerson/Character/Materials/MaterialLayers/T_ML_Aluminum01.uasset" 64
"D:/GitHub/SacrificeGame/SacrificeRoguelike/Content/FirstPerson/Character/Materials/MaterialLayers/T_ML_Aluminum01_N.uasset" 65
"D:/GitHub/SacrificeGame/SacrificeRoguelike/Content/FirstPerson/Character/Materials/MaterialLayers/ML_SoftMetal_UE4.uasset" 66
"D:/GitHub/SacrificeGame/SacrificeRoguelike/Content/FirstPerson/Character/Textures/UE4_Mannequin__normals.uasset" 67
"D:/GitHub/SacrificeGame/SacrificeRoguelike/Content/FirstPerson/Character/Textures/UE4_Mannequin_MAT_MASKA.uasset" 68
"D:/GitHub/SacrificeGame/SacrificeRoguelike/Content/FirstPerson/Character/Materials/M_UE4Man_Body.uasset" 69
"D:/GitHub/SacrificeGame/SacrificeRoguelike/Content/FirstPerson/Character/Mesh/SK_Mannequin_Arms_PhysicsAsset.uasset" 70
"D:/GitHub/SacrificeGame/SacrificeRoguelike/Content/FirstPerson/Character/Mesh/SK_Mannequin_Arms.uasset" 71
"D:/GitHub/SacrificeGame/SacrificeRoguelike/Content/FirstPersonBP/Blueprints/FirstPersonCharacter.uasset" 72
"D:/GitHub/SacrificeGame/SacrificeRoguelike/Content/UI/DebuffCards/DebuffCardUI.uasset" 73
"D:/GitHub/SacrificeGame/SacrificeRoguelike/Content/UI/DebuffCards/TestCard.uasset" 74
"D:/GitHub/SacrificeGame/SacrificeRoguelike/Content/UI/DebuffCards/TestStruct.uasset" 75
"../../../Engine/Content/Animation/DefaultAnimBoneCompressionSettings.uasset" 76
"../../../Engine/Content/Animation/DefaultAnimCurveCompressionSettings.uasset" 77
"../../../Engine/Content/EngineMaterials/T_Default_Material_Grid_N.uasset" 78
"../../../Engine/Content/EngineMaterials/T_Default_Material_Grid_M.uasset" 79
"../../../Engine/Content/Functions/Engine_MaterialFunctions01/Opacity/CameraDepthFade.uasset" 80
"../../../Engine/Content/EngineMaterials/WorldGridMaterial.uasset" 81
"../../../Engine/Content/ArtTools/RenderToTexture/Meshes/S_1_Unit_Plane.uasset" 82
"../../../Engine/Content/EngineMaterials/DefaultMaterial.uasset" 83
"../../../Engine/Content/BasicShapes/Cone.uasset" 84
"../../../Engine/Content/BasicShapes/Cube.uasset" 85
"../../../Engine/Content/BasicShapes/Plane.uasset" 86
"../../../Engine/Content/BasicShapes/Sphere.uasset" 87
"../../../Engine/Content/EditorLandscapeResources/DataLayer.uasset" 88
"../../../Engine/Content/EditorLandscapeResources/DefaultAlphaTexture.uasset" 89
"../../../Engine/Content/EditorMaterials/MAT_Groups_Toggle.uasset" 90
"../../../Engine/Content/EditorMaterials/MAT_Groups_Visibility.uasset" 91
"../../../Engine/Content/EditorMaterials/PreviewShadowIndicator.uasset" 92
"../../../Engine/Content/EditorMaterials/PreviewShadowIndicatorMaterial.uasset" 93
"../../../Engine/Content/EditorMaterials/MatineeGroups/MAT_ColorTrack.uasset" 94
"../../../Engine/Content/EditorMaterials/MatineeGroups/MAT_Groups_Anim.uasset" 95
"../../../Engine/Content/EditorMaterials/MatineeGroups/MAT_Groups_AudioMaster.uasset" 96
"../../../Engine/Content/EditorMaterials/MatineeGroups/MAT_Groups_Director.uasset" 97
"../../../Engine/Content/EditorMaterials/MatineeGroups/MAT_Groups_Event.uasset" 98
"../../../Engine/Content/EditorMaterials/MatineeGroups/MAT_Groups_Fade.uasset" 99
"../../../Engine/Content/EditorMaterials/MatineeGroups/MAT_Groups_Float.uasset" 100
"../../../Engine/Content/EditorMaterials/MatineeGroups/MAT_Groups_Move.uasset" 101
"../../../Engine/Content/EditorMaterials/MatineeGroups/MAT_Groups_Slomo.uasset" 102
"../../../Engine/Content/EditorMaterials/MatineeGroups/MAT_Groups_Sound.uasset" 103
"../../../Engine/Content/EditorMaterials/MatineeGroups/MAT_Groups_Vector.uasset" 104
"../../../Engine/Content/EditorMaterials/ParticleSystems/PSysThumbnail_NoImage.uasset" 105
"../../../Engine/Content/EditorMaterials/ParticleSystems/PSysThumbnail_OOD.uasset" 106
"../../../Engine/Content/EditorMaterials/Camera/CineMat.uasset" 107
"../../../Engine/Content/EditorMaterials/Camera/MI_CineMat_Rig.uasset" 108
"../../../Engine/Content/EditorMeshes/Camera/SM_CraneRig_Arm.uasset" 109
"../../../Engine/Content/EditorMeshes/Camera/SM_CraneRig_Base.uasset" 110
"../../../Engine/Content/EditorMeshes/Camera/SM_CraneRig_Body.uasset" 111
"../../../Engine/Content/EditorMeshes/Camera/SM_CraneRig_Mount.uasset" 112
"../../../Engine/Content/EditorMeshes/Camera/SM_RailRig_Mount.uasset" 113
"../../../Engine/Content/EditorMeshes/Camera/SM_RailRig_Track.uasset" 114
"../../../Engine/Content/EditorResources/BSPVertex.uasset" 115
"../../../Engine/Content/EditorResources/EmptyActor.uasset" 116
"../../../Engine/Content/EditorResources/S_Actor.uasset" 117
"../../../Engine/Content/EditorResources/S_Note.uasset" 118
"../../../Engine/Content/EditorResources/S_Solver.uasset" 119
"../../../Engine/Content/EditorResources/S_Terrain.uasset" 120
"../../../Engine/Content/EditorResources/S_Trigger.uasset" 121
"../../../Engine/Content/EditorResources/LightIcons/S_LightError.uasset" 122
"../../../Engine/Content/EditorResources/SequenceRecorder/Countdown.uasset" 123
"../../../Engine/Content/EditorResources/SequenceRecorder/RecordingIndicator.uasset" 124
"../../../Engine/Content/EngineDamageTypes/DmgTypeBP_Environmental.uasset" 125
"../../../Engine/Content/EngineDebugMaterials/DebugEditorMaterial.uasset" 126
"../../../Engine/Content/EngineDebugMaterials/DebugMeshMaterial.uasset" 127
"../../../Engine/Content/EngineDebugMaterials/M_SimpleUnlitTranslucent.uasset" 128
"../../../Engine/Content/EngineDebugMaterials/VolumeToRender.uasset" 129
"../../../Engine/Content/Functions/Engine_MaterialFunctions02/Utility/CameraDirectionVector.uasset" 130
"../../../Engine/Content/EngineDebugMaterials/M_VolumeRenderSphereTracePP.uasset" 131
"../../../Engine/Content/Functions/Engine_MaterialFunctions01/Shading/ConvertFromDiffSpec.uasset" 132
"../../../Engine/Content/EngineDebugMaterials/VertexColorMaterial.uasset" 133
"../../../Engine/Content/EngineDebugMaterials/WireframeMaterial.uasset" 134
"../../../Engine/Content/EngineFonts/Faces/RobotoRegular.uasset" 135
"../../../Engine/Content/EngineFonts/Faces/RobotoLight.uasset" 136
"../../../Engine/Content/EngineFonts/Faces/RobotoItalic.uasset" 137
"../../../Engine/Content/EngineFonts/Faces/RobotoBoldItalic.uasset" 138
"../../../Engine/Content/EngineFonts/Faces/RobotoBold.uasset" 139
"../../../Engine/Content/EngineFonts/Faces/DroidSansFallback.uasset" 140
"../../../Engine/Content/EngineFonts/Roboto.uasset" 141
"../../../Engine/Content/EngineMaterials/BaseFlattenNormalMap.uasset" 142
"../../../Engine/Content/EngineMaterials/BaseFlattenGrayscaleMap.uasset" 143
"../../../Engine/Content/EngineMaterials/BaseFlattenEmissiveMap.uasset" 144
"../../../Engine/Content/EngineMaterials/BaseFlattenDiffuseMap.uasset" 145
"../../../Engine/Content/EngineMaterials/BaseFlattenMaterial.uasset" 146
"../../../Engine/Content/EngineMaterials/BlueNoise.uasset" 147
"../../../Engine/Content/EngineMaterials/DefaultBloomKernel.uasset" 148
"../../../Engine/Content/EngineMaterials/DefaultBokeh.uasset" 149
"../../../Engine/Content/EngineMaterials/DefaultDiffuse.uasset" 150
"../../../Engine/Content/EngineMaterials/DefaultDeferredDecalMaterial.uasset" 151
"../../../Engine/Content/EngineMaterials/DefaultLightFunctionMaterial.uasset" 152
"../../../Engine/Content/EngineMaterials/DefaultPhysicalMaterial.uasset" 153
"../../../Engine/Content/Functions/Engine_MaterialFunctions02/Utility/BreakOutFloat2Components.uasset" 154
"../../../Engine/Content/EngineMaterials/DefaultPostProcessMaterial.uasset" 155
"../../../Engine/Content/EngineMaterials/DefaultTextMaterialOpaque.uasset" 156
"../../../Engine/Content/EngineMaterials/DefaultWhiteGrid.uasset" 157
"../../../Engine/Content/EngineMaterials/DefaultWhiteGrid_Low.uasset" 158
"../../../Engine/Content/EngineMaterials/EmissiveMeshMaterial.uasset" 159
"../../../Engine/Content/EngineMaterials/GizmoMaterial.uasset" 160
"../../../Engine/Content/EngineMaterials/Good64x64TilingNoiseHighFreq.uasset" 161
"../../../Engine/Content/EngineMaterials/MiniFont.uasset" 162
"../../../Engine/Content/EngineMaterials/InvalidLightmapSettings.uasset" 163
"../../../Engine/Content/EngineMaterials/M_InvalidLightmapSettings.uasset" 164
"../../../Engine/Content/Functions/Engine_MaterialFunctions02/WorldPositionOffset/CameraOffset.uasset" 165
"../../../Engine/Content/EngineMaterials/PhAT_JointLimitMaterial.uasset" 166
"../../../Engine/Content/EngineMaterials/PreintegratedSkinBRDF.uasset" 167
"../../../Engine/Content/EngineMaterials/RemoveSurfaceMaterial.uasset" 168
"../../../Engine/Content/EngineMaterials/WeightMapPlaceholderTexture.uasset" 169
"../../../Engine/Content/EngineResources/WhiteSquareTexture.uasset" 170
"../../../Engine/Content/EngineMaterials/Widget3DPassThrough.uasset" 171
"../../../Engine/Content/EngineMaterials/Widget3DPassThrough_Masked.uasset" 172
"../../../Engine/Content/EngineMaterials/Widget3DPassThrough_Opaque.uasset" 173
"../../../Engine/Content/EngineMaterials/Widget3DPassThrough_Masked_OneSided.uasset" 174
"../../../Engine/Content/EngineMaterials/Widget3DPassThrough_Opaque_OneSided.uasset" 175
"../../../Engine/Content/EngineMaterials/Widget3DPassThrough_Translucent.uasset" 176
"../../../Engine/Content/EngineMaterials/Widget3DPassThrough_Translucent_OneSided.uasset" 177
"../../../Engine/Content/EngineMeshes/Cylinder.uasset" 178
"../../../Engine/Content/EngineMeshes/Sphere.uasset" 179
"../../../Engine/Content/EngineResources/Black.uasset" 180
"../../../Engine/Content/EngineResources/DefaultTextureCube.uasset" 181
"../../../Engine/Content/EngineResources/DefaultVolumeTexture2D.uasset" 182
"../../../Engine/Content/EngineResources/DefaultVolumeTexture.uasset" 183
"../../../Engine/Content/EngineResources/GradientTexture0.uasset" 184
"../../../Engine/Content/EngineSky/VolumetricClouds/T_NoiseShape64.uasset" 185
"../../../Engine/Content/EngineSky/VolumetricClouds/T_VolumeNoiseShape64.uasset" 186
"../../../Engine/Content/EngineSky/VolumetricClouds/T_NoiseErosion.uasset" 187
"../../../Engine/Content/EngineSky/VolumetricClouds/T_VolumeNoiseErosion32.uasset" 188
"../../../Engine/Content/EngineSky/VolumetricClouds/CloudWeatherTexture.uasset" 189
"../../../Engine/Content/EngineSky/VolumetricClouds/CloudGradientTexture.uasset" 190
"../../../Engine/Content/Functions/Engine_MaterialFunctions02/Utility/MakeFloat2.uasset" 191
"../../../Engine/Content/EngineSky/VolumetricClouds/m_SimpleVolumetricCloud.uasset" 192
"../../../Engine/Content/EngineSky/VolumetricClouds/m_SimpleVolumetricCloud_Inst.uasset" 193
"../../../Engine/Content/EngineSounds/Master.uasset" 194
"../../../Engine/Content/Functions/Engine_MaterialFunctions01/Shading/PowerToRoughness.uasset" 195
"../../../Engine/Content/Maps/Templates/Thumbnails/Default.uasset" 196
"../../../Engine/Content/Maps/Templates/Thumbnails/TimeOfDay.uasset" 197
"../../../Engine/Content/Maps/Templates/Thumbnails/VR-Basic.uasset" 198
"../../../Engine/Content/MobileResources/T_MobileControls_texture.uasset" 199
"../../../Engine/Content/MobileResources/T_MobileMenu2.uasset" 200
"../../../Engine/Content/MobileResources/HUD/AnalogHat.uasset" 201
"../../../Engine/Content/MobileResources/HUD/VirtualJoystick_Thumb.uasset" 202
"../../../Engine/Content/MobileResources/HUD/VirtualJoystick_Background.uasset" 203
"../../../Engine/Content/MobileResources/HUD/DefaultVirtualJoysticks.uasset" 204
"../../../Engine/Content/MobileResources/HUD/LeftVirtualJoystickOnly.uasset" 205
"../../../Engine/Content/MobileResources/HUD/MobileHUDButton1_off.uasset" 206
"../../../Engine/Content/MobileResources/HUD/MobileHUDButton1_on.uasset" 207
"../../../Engine/Content/MobileResources/HUD/MobileHUDButton2_off.uasset" 208
"../../../Engine/Content/MobileResources/HUD/MobileHUDButton2_on.uasset" 209
"../../../Engine/Content/MobileResources/HUD/MobileHUDButton3.uasset" 210
"../../../Engine/Content/MobileResources/HUD/MobileHUDButtonFire.uasset" 211
"../../../Engine/Content/MobileResources/HUD/MobileHUDDirectionPad.uasset" 212
"../../../Engine/Content/MobileResources/HUD/MobileHUDDirectionPad2.uasset" 213
"../../../Engine/Content/MobileResources/HUD/MobileHUDDirectionPad3.uasset" 214
"../../../Engine/Content/MobileResources/HUD/MobileHUDDirectionStick.uasset" 215
"../../../Engine/Content/MobileResources/HUD/T_Castle_ThumbstickInner.uasset" 216
"../../../Engine/Content/MobileResources/HUD/T_Castle_ThumbstickOutter.uasset" 217
"../../../Engine/Content/Tutorial/ContentIntroCurve.uasset" 218
"../../../Engine/Content/Tutorial/Basics/LevelEditorAttract.uasset" 219
"../../../Engine/Content/Tutorial/Basics/TutorialAssets/icon_tab_Levels_40x.uasset" 220
"../../../Engine/Content/Tutorial/Basics/LevelEditorOverview.uasset" 221
"../../../Engine/Content/Tutorial/BlueprintTutorials/TutorialAssets/Blueprint_64x.uasset" 222
"../../../Engine/Content/Tutorial/BlueprintTutorials/BlueprintEditorTutorial.uasset" 223
"../../../Engine/Content/VREditor/TransformGizmo/TranslucentTransformGizmoMaterial.uasset" 224
"../../../Engine/Content/VREditor/LaserPointer/VR_LaserPower_01.uasset" 225
"../../../Engine/Content/VREditor/TransformGizmo/TransformGizmoMaterial.uasset" 226
"../../../Engine/Content/VREditor/TransformGizmo/BoundingBoxCorner.uasset" 227
"../../../Engine/Content/VREditor/TransformGizmo/BoundingBoxEdge.uasset" 228
"../../../Engine/Content/VREditor/TransformGizmo/PlaneTranslationHandle.uasset" 229
"../../../Engine/Content/VREditor/TransformGizmo/Xray.uasset" 230
"../../../Engine/Content/VREditor/TransformGizmo/Main.uasset" 231
"../../../Engine/Content/VREditor/TransformGizmo/SM_Sequencer_Key.uasset" 232
"../../../Engine/Content/VREditor/TransformGizmo/SM_Sequencer_Node.uasset" 233
"../../Plugins/2D/Paper2D/Content/PlaceholderTextures/DummySpriteTexture.uasset" 234
"../../Plugins/2D/Paper2D/Content/DummySprite.uasset" 235
"../../Plugins/2D/Paper2D/Content/DefaultPaperTerrainMaterial.uasset" 236
"../../Plugins/2D/Paper2D/Content/DefaultSpriteMaterial.uasset" 237
"../../Plugins/2D/Paper2D/Content/MaskedUnlitSpriteMaterial.uasset" 238
"../../Plugins/2D/Paper2D/Content/OpaqueUnlitSpriteMaterial.uasset" 239
"../../../Engine/Content/BasicShapes/Cylinder.uasset" 240
"../../../Engine/Content/ArtTools/RenderToTexture/Materials/Debug/M_Emissive_Color.uasset" 241
"../../Plugins/Lumin/MagicLeapPassableWorld/Content/MagicLeapARPinInfoActor.uasset" 242
"../../../Engine/Content/Functions/Engine_MaterialFunctions02/ObjectLocalBounds.uasset" 243
"../../Plugins/Editor/SpeedTreeImporter/Content/SpeedTree9/UnpackInteger3.uasset" 244
"../../Plugins/Editor/SpeedTreeImporter/Content/SpeedTree9/UnpackDirection.uasset" 245
"../../Plugins/Editor/SpeedTreeImporter/Content/SpeedTree9/game_wind_noise.uasset" 246
"../../../Engine/Content/Functions/Engine_MaterialFunctions02/SafeNormalize.uasset" 247
"../../Plugins/Editor/SpeedTreeImporter/Content/SpeedTree9/SpeedTreeWindMotion.uasset" 248
"../../Plugins/Editor/SpeedTreeImporter/Content/SpeedTree9/SpeedTreeBranchMotion.uasset" 249
"../../../Engine/Content/Functions/Engine_MaterialFunctions02/UVs/BoundingBoxBased_0-1_UVW.uasset" 250
"../../Plugins/Editor/SpeedTreeImporter/Content/SpeedTree9/SpeedTreeWind.uasset" 251
"../../Plugins/Editor/SpeedTreeImporter/Content/SpeedTree9/SpeedTreeBillboard.uasset" 252
"../../../Engine/Content/EngineResources/DefaultTexture.uasset" 253
"../../Plugins/Editor/SpeedTreeImporter/Content/SpeedTree9/SpeedTreeBillboardMaster.uasset" 254
"../../Plugins/Editor/SpeedTreeImporter/Content/SpeedTree9/SpeedTreeCameraFacing.uasset" 255
"../../Plugins/Editor/SpeedTreeImporter/Content/SpeedTree9/SpeedTreeMaster.uasset" 256
"../../../Engine/Content/Functions/Engine_MaterialFunctions02/Utility/BreakOutFloat4Components.uasset" 257
"../../../Engine/Content/Functions/Engine_MaterialFunctions02/Utility/MakeFloat3.uasset" 258
"../../Plugins/Runtime/Oculus/OculusVR/Content/Materials/OculusMR_ChromaKey.uasset" 259
"../../Plugins/Runtime/Oculus/OculusVR/Content/Materials/OculusMR_OpaqueColoredMaterial.uasset" 260
"../../Plugins/Runtime/Oculus/OculusVR/Content/Materials/PokeAHoleMaterial.uasset" 261
"D:/GitHub/SacrificeGame/SacrificeRoguelike/Content/UI/Images/SpdDown.uasset" 262
"D:/GitHub/SacrificeGame/SacrificeRoguelike/Content/UI/Images/HPDown.uasset" 263
"D:/GitHub/SacrificeGame/SacrificeRoguelike/Content/UI/Images/AtkDown.uasset" 264
"../../../Engine/Content/EngineSky/T_Sky_Stars.uasset" 265
"../../../Engine/Content/EngineSky/T_Sky_Clouds_M.uasset" 266
"../../../Engine/Content/EngineSky/T_Sky_Blue.uasset" 267
"../../../Engine/Content/EngineSky/M_Sky_Panning_Clouds2.uasset" 268
"../../../Engine/Content/Functions/Engine_MaterialFunctions03/Procedurals/ComputeFilterWidth.uasset" 269
"../../../Engine/Content/EngineMaterials/AntiAliasedTextMaterialTranslucent.uasset" 270
"D:/GitHub/SacrificeGame/SacrificeRoguelike/Content/FirstPersonBP/Maps/Floor3_BuiltData.uasset" 271
"D:/GitHub/SacrificeGame/SacrificeRoguelike/Content/Testing/BP_GameOver.uasset" 272
"../../../Engine/Content/EngineSky/SM_SkySphere.uasset" 273
"../../../Engine/Content/EngineSky/C_Sky_Zenith_Color.uasset" 274
"../../../Engine/Content/EngineSky/C_Sky_Horizon_Color.uasset" 275
"../../../Engine/Content/EngineSky/C_Sky_Cloud_Color.uasset" 276
"../../../Engine/Content/EngineSky/BP_Sky_Sphere.uasset" 277
"D:/GitHub/SacrificeGame/SacrificeRoguelike/Content/Geometry/Meshes/1M_Cube_Chamfer.uasset" 278
"D:/GitHub/SacrificeGame/SacrificeRoguelike/Content/Gameplay/BP_Stairs.uasset" 279
"D:/GitHub/SacrificeGame/SacrificeRoguelike/Content/Models/spikes.uasset" 280
"D:/GitHub/SacrificeGame/SacrificeRoguelike/Content/Models/BP_Spikes.uasset" 281
"D:/GitHub/SacrificeGame/SacrificeRoguelike/Content/FirstPersonBP/Maps/Floor3.umap" 282
"D:/GitHub/SacrificeGame/SacrificeRoguelike/Content/Materials/Base_Metallic_Gray.uasset" 283
"D:/GitHub/SacrificeGame/SacrificeRoguelike/Content/Materials/Base_Metallic_Gray_Gate.uasset" 284
"D:/GitHub/SacrificeGame/SacrificeRoguelike/Content/FirstPersonBP/Maps/Intro_Level_BuiltData.uasset" 285
"D:/GitHub/SacrificeGame/SacrificeRoguelike/Content/Testing/BP_TimerIncrease.uasset" 286
"D:/GitHub/SacrificeGame/SacrificeRoguelike/Content/Testing/BP_Teleport.uasset" 287
"D:/GitHub/SacrificeGame/SacrificeRoguelike/Content/Gameplay/BP_Pickup.uasset" 288
"D:/GitHub/SacrificeGame/SacrificeRoguelike/Content/Gameplay/BP_MeleeWall.uasset" 289
"D:/GitHub/SacrificeGame/SacrificeRoguelike/Content/Gameplay/BP_HealthPickup.uasset" 290
"D:/GitHub/SacrificeGame/SacrificeRoguelike/Content/Gameplay/BP_DoubleJumpPickup.uasset" 291
"D:/GitHub/SacrificeGame/SacrificeRoguelike/Content/Materials/Base_Metallic_Gray_Inst.uasset" 292
"D:/GitHub/SacrificeGame/SacrificeRoguelike/Content/UI/EnemyHealthbarUI.uasset" 293
"D:/GitHub/SacrificeGame/SacrificeRoguelike/Content/Enemy/EnemyEnum.uasset" 294
"D:/GitHub/SacrificeGame/SacrificeRoguelike/Content/Enemy/EnemyStruct.uasset" 295
"D:/GitHub/SacrificeGame/SacrificeRoguelike/Content/Enemy/BP_FlyJumpingEnemy.uasset" 296
"D:/GitHub/SacrificeGame/SacrificeRoguelike/Content/Enemy/BP_MeleeEnemy.uasset" 297
"D:/GitHub/SacrificeGame/SacrificeRoguelike/Content/Enemy/BP_Turret.uasset" 298
"D:/GitHub/SacrificeGame/SacrificeRoguelike/Content/FirstPersonBP/Maps/Intro_Level.umap" 299
"D:/GitHub/SacrificeGame/SacrificeRoguelike/Content/UI/MainMenuUI.uasset" 300
"D:/GitHub/SacrificeGame/SacrificeRoguelike/Content/FirstPersonBP/Maps/MainMenuLevel.umap" 301
"D:/GitHub/SacrificeGame/SacrificeRoguelike/Content/UI/ResultsUI.uasset" 302
"D:/GitHub/SacrificeGame/SacrificeRoguelike/Content/FirstPersonBP/Maps/ResultsLevel.umap" 303
"D:/GitHub/SacrificeGame/SacrificeRoguelike/Content/FirstPersonBP/Maps/Floor2_BuiltData.uasset" 304
"D:/GitHub/SacrificeGame/SacrificeRoguelike/Content/FirstPersonBP/Maps/Floor2.umap" 305
"../../../Engine/Content/Maps/Entry_BuiltData.uasset" 306
"../../../Engine/Content/Maps/Entry.umap" 307
